[ 2013-11-06 00:38:31.3364 34200/0x7fff7bdac310 agents/Watchdog/Main.cpp:574 ]: Options: { 'analytics_log_user' => 'Vimu', 'cleanup_pidfiles' => 'L3Zhci9mb2xkZXJzL2x3L2Yza3Z2dHkxMTRnMnd0OHAxN19oMmJqbTAwMDBnbi9UL3Bhc3Nlbmdlci1zdGFuZGFsb25lLmZodGo1bS90ZW1wX2Rpcl90b3VjaGVyLnBpZA==', 'default_group' => 'staff', 'default_python' => 'python', 'default_ruby' => '/Users/Vimu/.rvm/wrappers/ruby-1.9.3-p194@global/ruby', 'default_user' => 'Vimu', 'log_level' => '0', 'max_instances_per_app' => '0', 'max_pool_size' => '6', 'passenger_root' => '/var/folders/lw/f3kvvty114g2wt8p17_h2bjm0000gn/T/passenger-standalone.fhtj5m/locations.ini', 'pool_idle_time' => '300', 'prestart_urls' => 'aHR0cDovLzAuMC4wLjA6MzAwMAA=', 'temp_dir' => '/tmp', 'union_station_gateway_address' => 'gateway.unionstationapp.com', 'union_station_gateway_port' => '443', 'user_switching' => 'false', 'web_server_pid' => '34199', 'web_server_type' => 'nginx', 'web_server_worker_gid' => '-1', 'web_server_worker_uid' => '-1' }
[ 2013-11-06 00:38:31.3568 34202/0x7fff7bdac310 agents/HelperAgent/Main.cpp:619 ]: PassengerHelperAgent online, listening at unix:/tmp/passenger.1.0.34199/generation-0/request
[ 2013-11-06 00:38:31.3641 34204/0x7fff7bdac310 agents/LoggingAgent/Main.cpp:318 ]: PassengerLoggingAgent online, listening at unix:/tmp/passenger.1.0.34199/generation-0/logging
[ 2013-11-06 00:38:31.3643 34200/0x7fff7bdac310 agents/Watchdog/Main.cpp:761 ]: All Phusion Passenger agents started!
[ 2013-11-06 00:38:33.6818 34202/0x103b90000 Pool2/Spawner.h:796 ]: [App 34217 stdout] 
[ 2013-11-06 00:38:33.9257 34202/0x103b1d000 Pool2/Spawner.h:160 ]: [App 34217 stderr] *** Phusion Passenger: no passenger_native_support.bundle found for the current Ruby interpreter. Downloading precompiled binary from the Phusion server (set PASSENGER_DOWNLOAD_NATIVE_SUPPORT_BINARY=0 to disable)...
[ 2013-11-06 00:38:33.9259 34202/0x103b1d000 Pool2/Spawner.h:160 ]: [App 34217 stderr] Attempting to download https://oss-binaries.phusionpassenger.com/binaries/passenger/by_release/4.0.23/rubyext-ruby-1.9.3-x86_64-macosx.tar.gz into /var/folders/lw/f3kvvty114g2wt8p17_h2bjm0000gn/T/passenger-native-support-r2tlry
[ 2013-11-06 00:38:33.9330 34202/0x103b1d000 Pool2/Spawner.h:160 ]: [App 34217 stderr] --2013-11-06 00:38:33--  https://oss-binaries.phusionpassenger.com/binaries/passenger/by_release/4.0.23/rubyext-ruby-1.9.3-x86_64-macosx.tar.gz
[ 2013-11-06 00:38:33.9341 34202/0x103b1d000 Pool2/Spawner.h:160 ]: [App 34217 stderr] Resolving oss-binaries.phusionpassenger.com... 
[ 2013-11-06 00:38:34.7965 34202/0x103b1d000 Pool2/Spawner.h:160 ]: [App 34217 stderr] 109.107.35.58
[ 2013-11-06 00:38:34.7967 34202/0x103b1d000 Pool2/Spawner.h:160 ]: [App 34217 stderr] Connecting to oss-binaries.phusionpassenger.com|109.107.35.58|:443... 
[ 2013-11-06 00:38:34.9503 34202/0x103b1d000 Pool2/Spawner.h:160 ]: [App 34217 stderr] connected.
[ 2013-11-06 00:38:35.4045 34202/0x103b1d000 Pool2/Spawner.h:160 ]: [App 34217 stderr] HTTP request sent, awaiting response... 
[ 2013-11-06 00:38:35.5437 34202/0x103b1d000 Pool2/Spawner.h:160 ]: [App 34217 stderr] 404 Not Found
[ 2013-11-06 00:38:35.5439 34202/0x103b1d000 Pool2/Spawner.h:160 ]: [App 34217 stderr] 2013-11-06 00:38:35 ERROR 404: Not Found.
[ 2013-11-06 00:38:35.5439 34202/0x103b1d000 Pool2/Spawner.h:160 ]: [App 34217 stderr] 
[ 2013-11-06 00:38:35.5458 34202/0x103b1d000 Pool2/Spawner.h:160 ]: [App 34217 stderr] *** Phusion Passenger: no passenger_native_support.bundle found for the current Ruby interpreter. Compiling one (set PASSENGER_COMPILE_NATIVE_SUPPORT_BINARY=0 to disable)...
[ 2013-11-06 00:38:35.5459 34202/0x103b1d000 Pool2/Spawner.h:160 ]: [App 34217 stderr] # mkdir -p /var/folders/lw/f3kvvty114g2wt8p17_h2bjm0000gn/T/passenger-standalone.fhtj5m/locations.ini/buildout/ruby/ruby-1.9.3-x86_64-macosx
[ 2013-11-06 00:38:35.5469 34202/0x103b1d000 Pool2/Spawner.h:160 ]: [App 34217 stderr] Not a valid directory. Trying a different one...
[ 2013-11-06 00:38:35.5470 34202/0x103b1d000 Pool2/Spawner.h:160 ]: [App 34217 stderr] -------------------------------
[ 2013-11-06 00:38:35.5470 34202/0x103b1d000 Pool2/Spawner.h:160 ]: [App 34217 stderr] 
[ 2013-11-06 00:38:35.5471 34202/0x103b1d000 Pool2/Spawner.h:160 ]: [App 34217 stderr] # mkdir -p /Users/Vimu/.passenger/native_support/4.0.23/ruby-1.9.3-x86_64-macosx
[ 2013-11-06 00:38:35.5477 34202/0x103b1d000 Pool2/Spawner.h:160 ]: [App 34217 stderr] # cd /Users/Vimu/.passenger/native_support/4.0.23/ruby-1.9.3-x86_64-macosx
[ 2013-11-06 00:38:35.5482 34202/0x103b1d000 Pool2/Spawner.h:160 ]: [App 34217 stderr] # /Users/Vimu/.rvm/wrappers/ruby-1.9.3-p194@global/ruby '/usr/local/Cellar/passenger/4.0.23/libexec/ext/ruby/extconf.rb'
[ 2013-11-06 00:38:35.7086 34202/0x103b90000 Pool2/Spawner.h:796 ]: [App 34217 stdout] checking for alloca.h... yes
[ 2013-11-06 00:38:35.7615 34202/0x103b90000 Pool2/Spawner.h:796 ]: [App 34217 stdout] checking for ruby/io.h... yes
[ 2013-11-06 00:38:35.9627 34202/0x103b90000 Pool2/Spawner.h:796 ]: [App 34217 stdout] checking for rb_thread_io_blocking_region()... yes
[ 2013-11-06 00:38:35.9627 34202/0x103b90000 Pool2/Spawner.h:796 ]: [App 34217 stdout] creating Makefile
[ 2013-11-06 00:38:35.9701 34202/0x103b1d000 Pool2/Spawner.h:160 ]: [App 34217 stderr] # make
[ 2013-11-06 00:38:35.9796 34202/0x103b90000 Pool2/Spawner.h:796 ]: [App 34217 stdout] compiling /usr/local/Cellar/passenger/4.0.23/libexec/ext/ruby/passenger_native_support.c
[ 2013-11-06 00:38:36.1317 34202/0x103b90000 Pool2/Spawner.h:796 ]: [App 34217 stdout] linking shared-object passenger_native_support.bundle
[ 2013-11-06 00:38:36.1524 34202/0x103b1d000 Pool2/Spawner.h:160 ]: [App 34217 stderr] Compilation succesful.
[ 2013-11-06 00:38:36.1525 34202/0x103b1d000 Pool2/Spawner.h:160 ]: [App 34217 stderr] -------------------------------
[ 2013-11-06 00:38:37.3291 34202/0x103b1d000 Pool2/Spawner.h:160 ]: [App 34217 stderr]         SECURITY WARNING: No secret option provided to Rack::Session::Cookie.
[ 2013-11-06 00:38:37.3291 34202/0x103b1d000 Pool2/Spawner.h:160 ]: [App 34217 stderr]         This poses a security threat. It is strongly recommended that you
[ 2013-11-06 00:38:37.3291 34202/0x103b1d000 Pool2/Spawner.h:160 ]: [App 34217 stderr]         provide a secret to prevent exploits that may be possible from crafted
[ 2013-11-06 00:38:37.3291 34202/0x103b1d000 Pool2/Spawner.h:160 ]: [App 34217 stderr]         cookies. This will not be supported in future versions of Rack, and
[ 2013-11-06 00:38:37.3291 34202/0x103b1d000 Pool2/Spawner.h:160 ]: [App 34217 stderr]         future versions will even invalidate your existing user cookies.
[ 2013-11-06 00:38:37.3292 34202/0x103b1d000 Pool2/Spawner.h:160 ]: [App 34217 stderr] 
[ 2013-11-06 00:38:37.3292 34202/0x103b1d000 Pool2/Spawner.h:160 ]: [App 34217 stderr]         Called from: /Users/Vimu/.rvm/gems/ruby-1.9.3-p194@global/gems/actionpack-3.2.8/lib/action_dispatch/middleware/session/abstract_store.rb:28:in `initialize'.
[ 2013-11-06 00:38:37.3292 34202/0x103b1d000 Pool2/Spawner.h:160 ]: [App 34217 stderr] 
[ 2013-11-06 00:38:38.4796 34202/0x103b90000 Pool2/SmartSpawner.h:305 ]: Preloader for /Users/Vimu/Desktop/nmhidta started on PID 34217, listening on unix:/tmp/passenger.1.0.34199/generation-0/backends/preloader.34217
PassengerHelperAgent(34417,0x10391a000) malloc: *** mach_vm_map(size=8388608) failed (error code=268435459)
PassengerHelperAgent(34417,0x10391a000) malloc: *** error: can't allocate region securely
PassengerHelperAgent(34417,0x10391a000) malloc: *** set a breakpoint in malloc_error_break to debug
[ 2013-11-06 00:46:18.7065 34202/0x1039a1000 Pool2/Spawner.h:796 ]: [App 34682 stdout] 
[ 2013-11-06 00:46:20.1535 34202/0x1039ca000 Pool2/Spawner.h:160 ]: [App 34682 stderr]         SECURITY WARNING: No secret option provided to Rack::Session::Cookie.
[ 2013-11-06 00:46:20.1535 34202/0x1039ca000 Pool2/Spawner.h:160 ]: [App 34682 stderr]         This poses a security threat. It is strongly recommended that you
[ 2013-11-06 00:46:20.1536 34202/0x1039ca000 Pool2/Spawner.h:160 ]: [App 34682 stderr]         provide a secret to prevent exploits that may be possible from crafted
[ 2013-11-06 00:46:20.1536 34202/0x1039ca000 Pool2/Spawner.h:160 ]: [App 34682 stderr]         cookies. This will not be supported in future versions of Rack, and
[ 2013-11-06 00:46:20.1536 34202/0x1039ca000 Pool2/Spawner.h:160 ]: [App 34682 stderr]         future versions will even invalidate your existing user cookies.
[ 2013-11-06 00:46:20.1536 34202/0x1039ca000 Pool2/Spawner.h:160 ]: [App 34682 stderr] 
[ 2013-11-06 00:46:20.1536 34202/0x1039ca000 Pool2/Spawner.h:160 ]: [App 34682 stderr]         Called from: /Users/Vimu/.rvm/gems/ruby-1.9.3-p194@global/gems/actionpack-3.2.8/lib/action_dispatch/middleware/session/abstract_store.rb:28:in `initialize'.
[ 2013-11-06 00:46:20.1537 34202/0x1039ca000 Pool2/Spawner.h:160 ]: [App 34682 stderr] 
[ 2013-11-06 00:46:20.3503 34202/0x1039a1000 Pool2/SmartSpawner.h:305 ]: Preloader for /Users/Vimu/Desktop/nmhidta started on PID 34682, listening on unix:/tmp/passenger.1.0.34199/generation-0/backends/preloader.34682
[ 2013-11-06 19:18:15.8777 51031/0x7fff7bdac310 agents/Watchdog/Main.cpp:574 ]: Options: { 'analytics_log_user' => 'Vimu', 'cleanup_pidfiles' => 'L3Zhci9mb2xkZXJzL2x3L2Yza3Z2dHkxMTRnMnd0OHAxN19oMmJqbTAwMDBnbi9UL3Bhc3Nlbmdlci1zdGFuZGFsb25lLjE4YjRmam4vdGVtcF9kaXJfdG91Y2hlci5waWQ=', 'default_group' => 'staff', 'default_python' => 'python', 'default_ruby' => '/Users/Vimu/.rvm/wrappers/ruby-1.9.3-p194@global/ruby', 'default_user' => 'Vimu', 'log_level' => '0', 'max_instances_per_app' => '0', 'max_pool_size' => '6', 'passenger_root' => '/var/folders/lw/f3kvvty114g2wt8p17_h2bjm0000gn/T/passenger-standalone.18b4fjn/locations.ini', 'pool_idle_time' => '300', 'prestart_urls' => 'aHR0cDovLzAuMC4wLjA6MzAwMAA=', 'temp_dir' => '/tmp', 'union_station_gateway_address' => 'gateway.unionstationapp.com', 'union_station_gateway_port' => '443', 'user_switching' => 'false', 'web_server_pid' => '51030', 'web_server_type' => 'nginx', 'web_server_worker_gid' => '-1', 'web_server_worker_uid' => '-1' }
[ 2013-11-06 19:18:16.0496 51033/0x7fff7bdac310 agents/HelperAgent/Main.cpp:619 ]: PassengerHelperAgent online, listening at unix:/tmp/passenger.1.0.51030/generation-0/request
PassengerWatchdog(51036,0x7fff7bdac310) malloc: *** mach_vm_map(size=8388608) failed (error code=268435459)
PassengerWatchdog(51036,0x7fff7bdac310) malloc: *** error: can't allocate region securely
PassengerWatchdog(51036,0x7fff7bdac310) malloc: *** set a breakpoint in malloc_error_break to debug
[ 2013-11-06 19:18:16.1631 51035/0x7fff7bdac310 agents/LoggingAgent/Main.cpp:318 ]: PassengerLoggingAgent online, listening at unix:/tmp/passenger.1.0.51030/generation-0/logging
[ 2013-11-06 19:18:16.1634 51031/0x7fff7bdac310 agents/Watchdog/Main.cpp:761 ]: All Phusion Passenger agents started!
[ 2013-11-06 19:18:18.7504 51033/0x10f60e000 Pool2/Spawner.h:796 ]: [App 51048 stdout] 
[ 2013-11-06 19:18:20.7888 51033/0x10f59b000 Pool2/Spawner.h:160 ]: [App 51048 stderr]         SECURITY WARNING: No secret option provided to Rack::Session::Cookie.
[ 2013-11-06 19:18:20.7889 51033/0x10f59b000 Pool2/Spawner.h:160 ]: [App 51048 stderr]         This poses a security threat. It is strongly recommended that you
[ 2013-11-06 19:18:20.7889 51033/0x10f59b000 Pool2/Spawner.h:160 ]: [App 51048 stderr]         provide a secret to prevent exploits that may be possible from crafted
[ 2013-11-06 19:18:20.7889 51033/0x10f59b000 Pool2/Spawner.h:160 ]: [App 51048 stderr]         cookies. This will not be supported in future versions of Rack, and
[ 2013-11-06 19:18:20.7889 51033/0x10f59b000 Pool2/Spawner.h:160 ]: [App 51048 stderr]         future versions will even invalidate your existing user cookies.
[ 2013-11-06 19:18:20.7889 51033/0x10f59b000 Pool2/Spawner.h:160 ]: [App 51048 stderr] 
[ 2013-11-06 19:18:20.7889 51033/0x10f59b000 Pool2/Spawner.h:160 ]: [App 51048 stderr]         Called from: /Users/Vimu/.rvm/gems/ruby-1.9.3-p194@global/gems/actionpack-3.2.8/lib/action_dispatch/middleware/session/abstract_store.rb:28:in `initialize'.
[ 2013-11-06 19:18:20.7890 51033/0x10f59b000 Pool2/Spawner.h:160 ]: [App 51048 stderr] 
[ 2013-11-06 19:18:22.3584 51033/0x10f60e000 Pool2/SmartSpawner.h:305 ]: Preloader for /Users/Vimu/Desktop/nmhidta started on PID 51048, listening on unix:/tmp/passenger.1.0.51030/generation-0/backends/preloader.51048
PassengerHelperAgent(51177,0x10f398000) malloc: *** mach_vm_map(size=8388608) failed (error code=268435459)
PassengerHelperAgent(51177,0x10f398000) malloc: *** error: can't allocate region securely
PassengerHelperAgent(51177,0x10f398000) malloc: *** set a breakpoint in malloc_error_break to debug
